

 SAP2000 v20.2.0 Ultimate 64-bit (Analysis Build 9663/64)
 File: C:\Users\dell\OneDrive\...scon assign\MID TERM DESCON\MID TERM DESCON.LOG




 B E G I N   A N A L Y S I S                                2019/01/01  00:10:03


 RUNNING ANALYSIS WITHIN THE GUI PROCESS
 USING THE ADVANCED SOLVER (PROVIDES LIMITED INSTABILITY INFORMATION)

 NUMBER OF JOINTS                          =        1213
    WITH RESTRAINTS                        =           5
 NUMBER OF FRAME/CABLE/TENDON ELEMENTS     =         393
 NUMBER OF PLANE ELEMENTS                  =        1152
 NUMBER OF SOLID ELEMENTS                  =          32
 NUMBER OF LOAD PATTERNS                   =           2
 NUMBER OF ACCELERATION LOADS              =           9
 NUMBER OF LOAD CASES                      =           4

 ADDRESSABLE PHYSICAL MEMORY (RAM)         =       7.773 GB

 PARALLELIZATION OF ANALYSIS OPERATIONS:
 (Env. variable SAPFIRE_NUM_THREADS        =           0)
 NUMBER OF THREADS: STATE (AUTOMATIC)      =           4
 NUMBER OF THREADS: STIFFNESS (AUTOMATIC)  =           4
 NUMBER OF THREADS: EVENT (AUTOMATIC)      =           4
 NUMBER OF THREADS: MOVE (AUTOMATIC)       =           4
 NUMBER OF THREADS: RESPONSE (AUTOMATIC)   =           4
 NUMBER OF THREADS: SOLVE (AUTOMATIC)      =           4
 NUMBER OF THREADS: FORM (AUTOMATIC)       =           4


 E L E M E N T   F O R M A T I O N                                      00:10:03


 * * * E R R O R * * *   (WHILE RUNNING ANALYSIS)
 INTERNAL PROGRAM ERROR DETECTED.  PLEASE RECORD THE FOLLOWING INFORMATION:
 VALUES  =        6011     .000000
 MESSAGE = Plasol_GetLoadSBR: Skipped load type



 A N A L Y S I S   I N C O M P L E T E   ! !                2019/01/01  00:10:03
